<?xml version="1.0" encoding="UTF-8"?>
<testng-results skipped="0" failed="0" total="1" passed="1">
  <reporter-output>
  </reporter-output>
  <suite name="Suite" duration-ms="22927" started-at="2018-08-14T05:55:08Z" finished-at="2018-08-14T05:55:31Z">
    <groups>
    </groups>
    <test name="Test" duration-ms="22927" started-at="2018-08-14T05:55:08Z" finished-at="2018-08-14T05:55:31Z">
      <class name="scripts.SptTest">
        <test-method status="PASS" signature="beforeClass()[pri:0, instance:scripts.SptTest@22f71333]" name="beforeClass" is-config="true" duration-ms="10502" started-at="2018-08-14T11:25:08Z" finished-at="2018-08-14T11:25:18Z">
          <reporter-output>
          </reporter-output>
        </test-method> <!-- beforeClass -->
        <test-method status="PASS" signature="sptLogin()[pri:0, instance:scripts.SptTest@22f71333]" name="sptLogin" duration-ms="10103" started-at="2018-08-14T11:25:18Z" finished-at="2018-08-14T11:25:29Z">
          <reporter-output>
          </reporter-output>
        </test-method> <!-- sptLogin -->
        <test-method status="PASS" signature="afterTest()[pri:0, instance:scripts.SptTest@22f71333]" name="afterTest" is-config="true" duration-ms="2316" started-at="2018-08-14T11:25:29Z" finished-at="2018-08-14T11:25:31Z">
          <reporter-output>
          </reporter-output>
        </test-method> <!-- afterTest -->
      </class> <!-- scripts.SptTest -->
    </test> <!-- Test -->
  </suite> <!-- Suite -->
</testng-results>
