<?xml version="1.0" encoding="UTF-8"?>
<testng-results skipped="0" failed="0" total="2" passed="2">
  <reporter-output>
  </reporter-output>
  <suite name="Default suite" duration-ms="15222" started-at="2018-08-06T06:32:19Z" finished-at="2018-08-06T06:32:34Z">
    <groups>
      <group name="smoke">
        <method signature="GoogleTest.search()[pri:0, instance:scripts.GoogleTest@7823a2f9]" name="search" class="scripts.GoogleTest"/>
      </group> <!-- smoke -->
    </groups>
    <test name="Default test" duration-ms="15222" started-at="2018-08-06T06:32:19Z" finished-at="2018-08-06T06:32:34Z">
      <class name="scripts.GoogleTest">
        <test-method status="PASS" signature="beforeClass()[pri:0, instance:scripts.GoogleTest@7823a2f9]" name="beforeClass" is-config="true" duration-ms="11240" started-at="2018-08-06T12:02:19Z" finished-at="2018-08-06T12:02:30Z">
          <reporter-output>
          </reporter-output>
        </test-method> <!-- beforeClass -->
        <test-method status="PASS" signature="search()[pri:0, instance:scripts.GoogleTest@7823a2f9]" name="search" duration-ms="2381" started-at="2018-08-06T12:02:30Z" finished-at="2018-08-06T12:02:33Z">
          <reporter-output>
          </reporter-output>
        </test-method> <!-- search -->
        <test-method status="PASS" signature="page()[pri:0, instance:scripts.GoogleTest@7823a2f9]" name="page" duration-ms="1495" started-at="2018-08-06T12:02:33Z" finished-at="2018-08-06T12:02:34Z">
          <reporter-output>
          </reporter-output>
        </test-method> <!-- page -->
        <test-method status="PASS" signature="afterClass()[pri:0, instance:scripts.GoogleTest@7823a2f9]" name="afterClass" is-config="true" duration-ms="99" started-at="2018-08-06T12:02:34Z" finished-at="2018-08-06T12:02:34Z">
          <reporter-output>
          </reporter-output>
        </test-method> <!-- afterClass -->
      </class> <!-- scripts.GoogleTest -->
    </test> <!-- Default test -->
  </suite> <!-- Default suite -->
</testng-results>
